stimulus_cycle=1 start 2026-05-19T21:35:47Z
# rs dummy websocket stimulus 2026-05-20T00:35:48+0300
handshake HTTP/1.1 101 Switching Protocols
sent {'type': 'generate_control_code', 'requestId': '[REDACTED]', 'digits': '[REDACTED]', 'app': 'rigas_satiksme', 'flow': 'monthly_ticket'}
recv {"type": "health"}
recv {"type": "health"}
recv {"cleanupPending": true, "ok": false, "reason": "wrong_code", "requestId": "[REDACTED]", "type": "control_code_result"}
counts {'health': 2, 'control_code_result': 1} elapsed_s 23.7
stimulus_cycle=1 end 2026-05-19T21:36:11Z
stimulus_cycle=2 start 2026-05-19T21:40:11Z
# rs dummy websocket stimulus 2026-05-20T00:40:11+0300
handshake HTTP/1.1 101 Switching Protocols
sent {'type': 'generate_control_code', 'requestId': '[REDACTED]', 'digits': '[REDACTED]', 'app': 'rigas_satiksme', 'flow': 'monthly_ticket'}
recv {"type": "health"}
recv {"type": "health"}
recv {"cleanupPending": true, "ok": false, "reason": "wrong_code", "requestId": "[REDACTED]", "type": "control_code_result"}
counts {'health': 2, 'control_code_result': 1} elapsed_s 10.0
stimulus_cycle=2 end 2026-05-19T21:40:21Z
stimulus_cycle=3 start 2026-05-19T21:44:22Z
# rs dummy websocket stimulus 2026-05-20T00:44:22+0300
handshake HTTP/1.1 101 Switching Protocols
sent {'type': 'generate_control_code', 'requestId': '[REDACTED]', 'digits': '[REDACTED]', 'app': 'rigas_satiksme', 'flow': 'monthly_ticket'}
recv {"type": "health"}
recv {"type": "health"}
recv {"cleanupPending": true, "ok": false, "reason": "wrong_code", "requestId": "[REDACTED]", "type": "control_code_result"}
counts {'health': 2, 'control_code_result': 1} elapsed_s 10.3
stimulus_cycle=3 end 2026-05-19T21:44:32Z
